    <hudson.tasks.junit.JUnitResultArchiver plugin="junit@1.13">
      <testResults>test.xml</testResults>
      <keepLongStdio>false</keepLongStdio>
      <healthScaleFactor>1.0</healthScaleFactor>
      <allowEmptyResults>false</allowEmptyResults>
    </hudson.tasks.junit.JUnitResultArchiver>

